[     6.693] Warning The directory "/usr/share/fonts/X11/cyrillic" does not exist.
[     6.693] Warning The directory "/usr/share/fonts/X11/100dpi/" does not exist.
[     6.693] Warning The directory "/usr/share/fonts/X11/75dpi/" does not exist.
[     6.693] Warning The directory "/usr/share/fonts/X11/100dpi" does not exist.
[     6.693] Warning The directory "/usr/share/fonts/X11/75dpi" does not exist.
[     6.929] Warning Falling back to old probe method for modesetting
[     6.929] Warning Falling back to old probe method for fbdev
[     7.627] Warning NVIDIA(0): Unable to get display device for DPI computation.
[     8.407] Warning NVIDIA(0): Option "IgnoreDisplayDevices" is not used
[     8.407] Warning NVIDIA(0): Option "PrimaryGPU" is not used
[  8664.970] Warning xf86CloseConsole: KDSETMODE failed: Input/output error
[  8664.970] Warning xf86CloseConsole: VT_GETMODE failed: Input/output error
[  8664.970] Warning xf86CloseConsole: VT_ACTIVATE failed: Input/output error
[     6.693] Information The server relies on udev to provide the list of input devices.
[     6.693] Information Loader magic: 0x55fc13bcd020
[     6.693] Information Module ABI versions:
[     6.696] Information systemd-logind: took control of session /org/freedesktop/login1/session/c1
[     6.697] Information xfree86: Adding drm device (/dev/dri/card1)
[     6.698] Information systemd-logind: got fd for /dev/dri/card1 226:1 fd 12 paused 0
[     6.698] Information xfree86: Adding drm device (/dev/dri/card0)
[     6.698] Information systemd-logind: got fd for /dev/dri/card0 226:0 fd 13 paused 0
[     6.701] Information LoadModule: "glx"
[     6.702] Information Loading /usr/lib/xorg/modules/extensions/libglx.so
[     6.705] Information Module glx: vendor="X.Org Foundation"
[     6.705] Information Applying OutputClass "nvidia" to /dev/dri/card1
[     6.705] Information Applying OutputClass "Nvidia Prime" to /dev/dri/card1
[     6.921] Information LoadModule: "nvidia"
[     6.921] Information Loading /lib/x86_64-linux-gnu/nvidia/xorg/nvidia_drv.so
[     6.923] Information Module nvidia: vendor="NVIDIA Corporation"
[     6.923] Information LoadModule: "nouveau"
[     6.923] Information Loading /usr/lib/xorg/modules/drivers/nouveau_drv.so
[     6.924] Information Module nouveau: vendor="X.Org Foundation"
[     6.924] Information LoadModule: "modesetting"
[     6.924] Information Loading /usr/lib/xorg/modules/drivers/modesetting_drv.so
[     6.925] Information Module modesetting: vendor="X.Org Foundation"
[     6.925] Information LoadModule: "fbdev"
[     6.925] Information Loading /usr/lib/xorg/modules/drivers/fbdev_drv.so
[     6.925] Information Module fbdev: vendor="X.Org Foundation"
[     6.925] Information LoadModule: "vesa"
[     6.925] Information Loading /usr/lib/xorg/modules/drivers/vesa_drv.so
[     6.926] Information Module vesa: vendor="X.Org Foundation"
[     6.926] Information NVIDIA dlloader X Driver  470.141.03  Thu Jun 30 18:40:44 UTC 2022
[     6.926] Information NVIDIA Unified Driver for all Supported NVIDIA GPUs
[     6.926] Information NOUVEAU driver Date:   Mon Jan 28 23:25:58 2019 -0500
[     6.926] Information NOUVEAU driver for NVIDIA chipset families :
[     6.927] Information modesetting: Driver for Modesetting Kernel Drivers: kms
[     6.927] Information FBDEV: driver for framebuffer: fbdev
[     6.927] Information VESA: driver for VESA chipsets: vesa
[     6.927] Information systemd-logind: releasing fd for 226:1
[     6.927] Information Loading sub module "fb"
[     6.927] Information LoadModule: "fb"
[     6.927] Information Loading /usr/lib/xorg/modules/libfb.so
[     6.928] Information Module fb: vendor="X.Org Foundation"
[     6.928] Information Loading sub module "wfb"
[     6.928] Information LoadModule: "wfb"
[     6.928] Information Loading /usr/lib/xorg/modules/libwfb.so
[     6.928] Information Module wfb: vendor="X.Org Foundation"
[     6.928] Information Loading sub module "ramdac"
[     6.928] Information LoadModule: "ramdac"
[     6.928] Information Module "ramdac" already built-in
[     6.929] Information Loading sub module "fbdevhw"
[     6.929] Information LoadModule: "fbdevhw"
[     6.929] Information Loading /usr/lib/xorg/modules/libfbdevhw.so
[     6.930] Information Module fbdevhw: vendor="X.Org Foundation"
[     6.930] Information modeset(G0): using drv /dev/dri/card0
[     6.930] Information NVIDIA(0): Creating default Display subsection in Screen section
[     6.930] Information Applying OutputClass "nvidia" options to /dev/dri/card1
[     6.930] Information Applying OutputClass "Nvidia Prime" options to /dev/dri/card1
[     6.930] Information Loading sub module "glxserver_nvidia"
[     6.930] Information LoadModule: "glxserver_nvidia"
[     6.930] Information Loading /lib/x86_64-linux-gnu/nvidia/xorg/libglxserver_nvidia.so
[     6.951] Information Module glxserver_nvidia: vendor="NVIDIA Corporation"
[     6.951] Information NVIDIA GLX Module  470.141.03  Thu Jun 30 18:37:53 UTC 2022
[     6.952] Information NVIDIA: The X server supports PRIME Render Offload.
[     7.627] Information NVIDIA(0): NVIDIA GPU NVIDIA GeForce GTX 1650 with Max-Q Design (TU117-A)
[     7.627] Information NVIDIA(0):     at PCI:1:0:0 (GPU-0)
[     7.627] Information NVIDIA(0): Detected PCI Express Link width: 16X
[     7.627] Information NVIDIA(0): Validated MetaModes:
[     7.627] Information NVIDIA(0):     "NULL"
[     7.627] Information NVIDIA(0): Virtual screen size determined to be 640 x 480
[     7.627] Information Loading sub module "glamoregl"
[     7.627] Information LoadModule: "glamoregl"
[     7.628] Information Loading /usr/lib/xorg/modules/libglamoregl.so
[     7.631] Information Module glamoregl: vendor="X.Org Foundation"
[     7.751] Information modeset(G0): glamor X acceleration enabled on Mesa Intel(R) UHD Graphics 630 (CFL GT2)
[     7.751] Information modeset(G0): glamor initialized
[     7.752] Information modeset(G0): Output eDP-1-1 has no monitor section
[     8.019] Information modeset(G0): Output DP-1-1 has no monitor section
[     8.052] Information modeset(G0): Output HDMI-1-1 has no monitor section
[     8.059] Information modeset(G0): Output HDMI-1-2 has no monitor section
[     8.061] Information modeset(G0): EDID for output eDP-1-1
[     8.061] Information modeset(G0): Manufacturer: LGD  Model: 5e5  Serial#: 0
[     8.061] Information modeset(G0): Year: 2018  Week: 0
[     8.061] Information modeset(G0): EDID Version: 1.4
[     8.061] Information modeset(G0): Digital Display Input
[     8.061] Information modeset(G0): 8 bits per channel
[     8.061] Information modeset(G0): Digital interface is DisplayPort
[     8.061] Information modeset(G0): Max Image Size [cm]: horiz.: 34  vert.: 19
[     8.061] Information modeset(G0): Gamma: 2.20
[     8.061] Information modeset(G0): No DPMS capabilities specified
[     8.061] Information modeset(G0): Supported color encodings: RGB 4:4:4 
[     8.061] Information modeset(G0): First detailed timing is preferred mode
[     8.061] Information modeset(G0): Preferred mode is native pixel format and refresh rate
[     8.061] Information modeset(G0): redX: 0.590 redY: 0.370   greenX: 0.350 greenY: 0.555
[     8.061] Information modeset(G0): blueX: 0.155 blueY: 0.110   whiteX: 0.313 whiteY: 0.329
[     8.061] Information modeset(G0): Manufacturer's mask: 0
[     8.061] Information modeset(G0): Supported detailed timing:
[     8.061] Information modeset(G0): clock: 138.6 MHz   Image Size:  344 x 194 mm
[     8.062] Information modeset(G0): h_active: 1920  h_sync: 1968  h_sync_end 2000 h_blank_end 2080 h_border: 0
[     8.062] Information modeset(G0): v_active: 1080  v_sync: 1083  v_sync_end 1088 v_blanking: 1111 v_border: 0
[     8.062] Information modeset(G0):  LG Display
[     8.062] Information modeset(G0):  LP156WFC-SPD1
[     8.062] Information modeset(G0): EDID (in hex):
[     8.062] Information modeset(G0): 	00ffffffffffff0030e4e50500000000
[     8.062] Information modeset(G0): 	001c0104a52213780238d5975e598e27
[     8.062] Information modeset(G0): 	1c505400000001010101010101010101
[     8.062] Information modeset(G0): 	010101010101243680a070381f403020
[     8.062] Information modeset(G0): 	350058c2100000190000000000000000
[     8.062] Information modeset(G0): 	00000000000000000000000000fe004c
[     8.062] Information modeset(G0): 	4720446973706c61790a2020000000fe
[     8.062] Information modeset(G0): 	004c503135365746432d53504431003e
[     8.063] Information modeset(G0): Printing probed modes for output eDP-1-1
[     8.063] Information modeset(G0): Modeline "1920x1080"x60.0  138.60  1920 1968 2000 2080  1080 1083 1088 1111 -hsync -vsync (66.6 kHz eP)
[     8.063] Information modeset(G0): Modeline "1920x1080"x119.9  266.50  1920 1944 1960 2000  1080 1081 1084 1111 doublescan +hsync -vsync (133.2 kHz d)
[     8.063] Information modeset(G0): Modeline "1920x1080"x60.0  173.00  1920 2048 2248 2576  1080 1083 1088 1120 -hsync +vsync (67.2 kHz d)
[     8.063] Information modeset(G0): Modeline "1920x1080"x59.9  138.50  1920 1968 2000 2080  1080 1083 1088 1111 +hsync -vsync (66.6 kHz d)
[     8.063] Information modeset(G0): Modeline "1680x1050"x60.0  146.25  1680 1784 1960 2240  1050 1053 1059 1089 -hsync +vsync (65.3 kHz d)
[     8.063] Information modeset(G0): Modeline "1680x1050"x59.9  119.00  1680 1728 1760 1840  1050 1053 1059 1080 +hsync -vsync (64.7 kHz d)
[     8.063] Information modeset(G0): Modeline "1600x1024"x60.2  103.12  1600 1600 1656 1664  1024 1024 1029 1030 +hsync +vsync (62.0 kHz d)
[     8.063] Information modeset(G0): Modeline "1400x1050"x60.0  122.00  1400 1488 1640 1880  1050 1052 1064 1082 +hsync +vsync (64.9 kHz d)
[     8.063] Information modeset(G0): Modeline "1600x900"x120.0  246.00  1600 1728 1900 2200  900 901 904 932 doublescan -hsync +vsync (111.8 kHz d)
[     8.063] Information modeset(G0): Modeline "1600x900"x119.9  186.50  1600 1624 1640 1680  900 901 904 926 doublescan +hsync -vsync (111.0 kHz d)
[     8.063] Information modeset(G0): Modeline "1600x900"x59.9  118.25  1600 1696 1856 2112  900 903 908 934 -hsync +vsync (56.0 kHz d)
[     8.063] Information modeset(G0): Modeline "1600x900"x59.8   97.50  1600 1648 1680 1760  900 903 908 926 +hsync -vsync (55.4 kHz d)
[     8.063] Information modeset(G0): Modeline "1280x1024"x60.0  108.00  1280 1328 1440 1688  1024 1025 1028 1066 +hsync +vsync (64.0 kHz d)
[     8.063] Information modeset(G0): Modeline "1440x900"x59.9  106.50  1440 1520 1672 1904  900 903 909 934 -hsync +vsync (55.9 kHz d)
[     8.063] Information modeset(G0): Modeline "1400x900"x60.0  103.50  1400 1480 1624 1848  900 903 913 934 -hsync +vsync (56.0 kHz d)
[     8.063] Information modeset(G0): Modeline "1400x900"x59.9   86.50  1400 1448 1480 1560  900 903 913 926 +hsync -vsync (55.4 kHz d)
[     8.063] Information modeset(G0): Modeline "1280x960"x60.0  108.00  1280 1376 1488 1800  960 961 964 1000 +hsync +vsync (60.0 kHz d)
[     8.063] Information modeset(G0): Modeline "1440x810"x120.0  198.12  1440 1548 1704 1968  810 811 814 839 doublescan -hsync +vsync (100.7 kHz d)
[     8.063] Information modeset(G0): Modeline "1440x810"x119.9  151.88  1440 1464 1480 1520  810 811 814 833 doublescan +hsync -vsync (99.9 kHz d)
[     8.063] Information modeset(G0): Modeline "1368x768"x59.9   85.25  1368 1440 1576 1784  768 771 781 798 -hsync +vsync (47.8 kHz d)
[     8.063] Information modeset(G0): Modeline "1368x768"x59.9   72.25  1368 1416 1448 1528  768 771 781 790 +hsync -vsync (47.3 kHz d)
[     8.063] Information modeset(G0): Modeline "1360x768"x59.8   84.75  1360 1432 1568 1776  768 771 781 798 -hsync +vsync (47.7 kHz d)
[     8.063] Information modeset(G0): Modeline "1360x768"x60.0   72.00  1360 1408 1440 1520  768 771 781 790 +hsync -vsync (47.4 kHz d)
[     8.063] Information modeset(G0): Modeline "1280x800"x120.0  174.25  1280 1380 1516 1752  800 801 804 829 doublescan -hsync +vsync (99.5 kHz d)
[     8.063] Information modeset(G0): Modeline "1280x800"x119.9  134.25  1280 1304 1320 1360  800 801 804 823 doublescan +hsync -vsync (98.7 kHz d)
[     8.063] Information modeset(G0): Modeline "1280x800"x59.8   83.50  1280 1352 1480 1680  800 803 809 831 -hsync +vsync (49.7 kHz d)
[     8.063] Information modeset(G0): Modeline "1280x800"x59.9   71.00  1280 1328 1360 1440  800 803 809 823 +hsync -vsync (49.3 kHz d)
[     8.063] Information modeset(G0): Modeline "1152x864"x60.0   81.62  1152 1216 1336 1520  864 865 868 895 -hsync +vsync (53.7 kHz d)
[     8.064] Information modeset(G0): Modeline "1280x720"x120.0  156.12  1280 1376 1512 1744  720 721 724 746 doublescan -hsync +vsync (89.5 kHz d)
[     8.064] Information modeset(G0): Modeline "1280x720"x120.0  120.75  1280 1304 1320 1360  720 721 724 740 doublescan +hsync -vsync (88.8 kHz d)
[     8.064] Information modeset(G0): Modeline "1280x720"x59.9   74.50  1280 1344 1472 1664  720 723 728 748 -hsync +vsync (44.8 kHz d)
[     8.064] Information modeset(G0): Modeline "1280x720"x59.7   63.75  1280 1328 1360 1440  720 723 728 741 +hsync -vsync (44.3 kHz d)
[     8.064] Information modeset(G0): Modeline "1024x768"x120.1  133.47  1024 1100 1212 1400  768 768 770 794 doublescan -hsync +vsync (95.3 kHz d)
[     8.064] Information modeset(G0): Modeline "1024x768"x60.0   65.00  1024 1048 1184 1344  768 771 777 806 -hsync -vsync (48.4 kHz d)
[     8.064] Information modeset(G0): Modeline "960x720"x120.0  117.00  960 1024 1128 1300  720 720 722 750 doublescan -hsync +vsync (90.0 kHz d)
[     8.064] Information modeset(G0): Modeline "928x696"x120.1  109.15  928 976 1088 1264  696 696 698 719 doublescan -hsync +vsync (86.4 kHz d)
[     8.064] Information modeset(G0): Modeline "896x672"x120.0  102.40  896 960 1060 1224  672 672 674 697 doublescan -hsync +vsync (83.7 kHz d)
[     8.064] Information modeset(G0): Modeline "1024x576"x119.9   98.50  1024 1092 1200 1376  576 577 580 597 doublescan -hsync +vsync (71.6 kHz d)
[     8.064] Information modeset(G0): Modeline "1024x576"x119.9   78.38  1024 1048 1064 1104  576 577 580 592 doublescan +hsync -vsync (71.0 kHz d)
[     8.064] Information modeset(G0): Modeline "1024x576"x59.9   46.50  1024 1064 1160 1296  576 579 584 599 -hsync +vsync (35.9 kHz d)
[     8.064] Information modeset(G0): Modeline "1024x576"x59.8   42.00  1024 1072 1104 1184  576 579 584 593 +hsync -vsync (35.5 kHz d)
[     8.064] Information modeset(G0): Modeline "960x600"x119.9   96.62  960 1028 1128 1296  600 601 604 622 doublescan -hsync +vsync (74.6 kHz d)
[     8.064] Information modeset(G0): Modeline "960x600"x120.0   77.00  960 984 1000 1040  600 601 604 617 doublescan +hsync -vsync (74.0 kHz d)
[     8.064] Information modeset(G0): Modeline "960x540"x119.9   86.50  960 1024 1124 1288  540 541 544 560 doublescan -hsync +vsync (67.2 kHz d)
[     8.064] Information modeset(G0): Modeline "960x540"x120.0   69.25  960 984 1000 1040  540 541 544 555 doublescan +hsync -vsync (66.6 kHz d)
[     8.064] Information modeset(G0): Modeline "960x540"x59.6   40.75  960 992 1088 1216  540 543 548 562 -hsync +vsync (33.5 kHz d)
[     8.064] Information modeset(G0): Modeline "960x540"x59.8   37.25  960 1008 1040 1120  540 543 548 556 +hsync -vsync (33.3 kHz d)
[     8.064] Information modeset(G0): Modeline "800x600"x120.0   81.00  800 832 928 1080  600 600 602 625 doublescan +hsync +vsync (75.0 kHz d)
[     8.064] Information modeset(G0): Modeline "800x600"x60.3   40.00  800 840 968 1056  600 601 605 628 +hsync +vsync (37.9 kHz d)
[     8.064] Information modeset(G0): Modeline "800x600"x56.2   36.00  800 824 896 1024  600 601 603 625 +hsync +vsync (35.2 kHz d)
[     8.064] Information modeset(G0): Modeline "840x525"x120.0   73.12  840 892 980 1120  525 526 529 544 doublescan -hsync +vsync (65.3 kHz d)
[     8.064] Information modeset(G0): Modeline "840x525"x119.8   59.50  840 864 880 920  525 526 529 540 doublescan +hsync -vsync (64.7 kHz d)
[     8.064] Information modeset(G0): Modeline "864x486"x59.9   32.50  864 888 968 1072  486 489 494 506 -hsync +vsync (30.3 kHz d)
[     8.064] Information modeset(G0): Modeline "864x486"x59.6   30.50  864 912 944 1024  486 489 494 500 +hsync -vsync (29.8 kHz d)
[     8.064] Information modeset(G0): Modeline "800x512"x120.3   51.56  800 800 828 832  512 512 514 515 doublescan +hsync +vsync (62.0 kHz d)
[     8.064] Information modeset(G0): Modeline "700x525"x120.0   61.00  700 744 820 940  525 526 532 541 doublescan +hsync +vsync (64.9 kHz d)
[     8.064] Information modeset(G0): Modeline "800x450"x119.9   59.12  800 848 928 1056  450 451 454 467 doublescan -hsync +vsync (56.0 kHz d)
[     8.064] Information modeset(G0): Modeline "800x450"x119.6   48.75  800 824 840 880  450 451 454 463 doublescan +hsync -vsync (55.4 kHz d)
[     8.064] Information modeset(G0): Modeline "640x512"x120.0   54.00  640 664 720 844  512 512 514 533 doublescan +hsync +vsync (64.0 kHz d)
[     8.064] Information modeset(G0): Modeline "720x450"x119.8   53.25  720 760 836 952  450 451 454 467 doublescan -hsync +vsync (55.9 kHz d)
[     8.064] Information modeset(G0): Modeline "700x450"x119.9   51.75  700 740 812 924  450 451 456 467 doublescan -hsync +vsync (56.0 kHz d)
[     8.064] Information modeset(G0): Modeline "700x450"x119.8   43.25  700 724 740 780  450 451 456 463 doublescan +hsync -vsync (55.4 kHz d)
[     8.065] Information modeset(G0): Modeline "640x480"x120.0   54.00  640 688 744 900  480 480 482 500 doublescan +hsync +vsync (60.0 kHz d)
[     8.065] Information modeset(G0): Modeline "640x480"x59.9   25.18  640 656 752 800  480 490 492 525 -hsync -vsync (31.5 kHz d)
[     8.065] Information modeset(G0): Modeline "720x405"x59.5   22.50  720 744 808 896  405 408 413 422 -hsync +vsync (25.1 kHz d)
[     8.065] Information modeset(G0): Modeline "720x405"x59.0   21.75  720 768 800 880  405 408 413 419 +hsync -vsync (24.7 kHz d)
[     8.065] Information modeset(G0): Modeline "684x384"x119.8   42.62  684 720 788 892  384 385 390 399 doublescan -hsync +vsync (47.8 kHz d)
[     8.065] Information modeset(G0): Modeline "684x384"x119.7   36.12  684 708 724 764  384 385 390 395 doublescan +hsync -vsync (47.3 kHz d)
[     8.065] Information modeset(G0): Modeline "680x384"x119.6   42.38  680 716 784 888  384 385 390 399 doublescan -hsync +vsync (47.7 kHz d)
[     8.065] Information modeset(G0): Modeline "680x384"x119.9   36.00  680 704 720 760  384 385 390 395 doublescan +hsync -vsync (47.4 kHz d)
[     8.065] Information modeset(G0): Modeline "640x400"x119.8   41.75  640 676 740 840  400 401 404 415 doublescan -hsync +vsync (49.7 kHz d)
[     8.065] Information modeset(G0): Modeline "640x400"x120.0   35.50  640 664 680 720  400 401 404 411 doublescan +hsync -vsync (49.3 kHz d)
[     8.065] Information modeset(G0): Modeline "576x432"x120.1   40.81  576 608 668 760  432 432 434 447 doublescan -hsync +vsync (53.7 kHz d)
[     8.065] Information modeset(G0): Modeline "640x360"x119.7   37.25  640 672 736 832  360 361 364 374 doublescan -hsync +vsync (44.8 kHz d)
[     8.065] Information modeset(G0): Modeline "640x360"x119.7   31.88  640 664 680 720  360 361 364 370 doublescan +hsync -vsync (44.3 kHz d)
[     8.065] Information modeset(G0): Modeline "640x360"x59.8   18.00  640 664 720 800  360 363 368 376 -hsync +vsync (22.5 kHz d)
[     8.065] Information modeset(G0): Modeline "640x360"x59.3   17.75  640 688 720 800  360 363 368 374 +hsync -vsync (22.2 kHz d)
[     8.065] Information modeset(G0): Modeline "512x384"x120.0   32.50  512 524 592 672  384 385 388 403 doublescan -hsync -vsync (48.4 kHz d)
[     8.065] Information modeset(G0): Modeline "512x288"x120.0   23.25  512 532 580 648  288 289 292 299 doublescan -hsync +vsync (35.9 kHz d)
[     8.065] Information modeset(G0): Modeline "512x288"x119.8   21.00  512 536 552 592  288 289 292 296 doublescan +hsync -vsync (35.5 kHz d)
[     8.065] Information modeset(G0): Modeline "480x270"x119.3   20.38  480 496 544 608  270 271 274 281 doublescan -hsync +vsync (33.5 kHz d)
[     8.065] Information modeset(G0): Modeline "480x270"x119.6   18.62  480 504 520 560  270 271 274 278 doublescan +hsync -vsync (33.3 kHz d)
[     8.065] Information modeset(G0): Modeline "400x300"x120.6   20.00  400 420 484 528  300 300 302 314 doublescan +hsync +vsync (37.9 kHz d)
[     8.065] Information modeset(G0): Modeline "400x300"x112.7   18.00  400 412 448 512  300 300 301 312 doublescan +hsync +vsync (35.2 kHz d)
[     8.065] Information modeset(G0): Modeline "432x243"x119.8   16.25  432 444 484 536  243 244 247 253 doublescan -hsync +vsync (30.3 kHz d)
[     8.065] Information modeset(G0): Modeline "432x243"x119.1   15.25  432 456 472 512  243 244 247 250 doublescan +hsync -vsync (29.8 kHz d)
[     8.065] Information modeset(G0): Modeline "320x240"x120.1   12.59  320 328 376 400  240 245 246 262 doublescan -hsync -vsync (31.5 kHz d)
[     8.065] Information modeset(G0): Modeline "360x202"x119.0   11.25  360 372 404 448  202 204 206 211 doublescan -hsync +vsync (25.1 kHz d)
[     8.065] Information modeset(G0): Modeline "360x202"x118.3   10.88  360 384 400 440  202 204 206 209 doublescan +hsync -vsync (24.7 kHz d)
[     8.065] Information modeset(G0): Modeline "320x180"x119.7    9.00  320 332 360 400  180 181 184 188 doublescan -hsync +vsync (22.5 kHz d)
[     8.065] Information modeset(G0): Modeline "320x180"x118.6    8.88  320 344 360 400  180 181 184 187 doublescan +hsync -vsync (22.2 kHz d)
[     8.332] Information modeset(G0): EDID for output DP-1-1
[     8.368] Information modeset(G0): EDID for output HDMI-1-1
[     8.375] Information modeset(G0): EDID for output HDMI-1-2
[     8.375] Information Loading sub module "fb"
[     8.375] Information LoadModule: "fb"
[     8.375] Information Loading /usr/lib/xorg/modules/libfb.so
[     8.375] Information Module fb: vendor="X.Org Foundation"
[     8.375] Information UnloadModule: "nouveau"
[     8.375] Information Unloading nouveau
[     8.375] Information UnloadModule: "fbdev"
[     8.375] Information Unloading fbdev
[     8.375] Information UnloadSubModule: "fbdevhw"
[     8.375] Information Unloading fbdevhw
[     8.375] Information UnloadModule: "vesa"
[     8.375] Information Unloading vesa
[     8.376] Information NVIDIA: Reserving 24576.00 MB of virtual memory for indirect memory
[     8.376] Information NVIDIA:     access.
[     8.402] Information NVIDIA(0): Setting mode "NULL"
[     8.407] Information Loading sub module "dri2"
[     8.407] Information LoadModule: "dri2"
[     8.407] Information Module "dri2" already built-in
[     8.407] Information NVIDIA(0): [DRI2] Setup complete
[     8.407] Information NVIDIA(0): [DRI2]   VDPAU driver: nvidia
[     8.536] Information modeset(G0): Initializing kms color map for depth 24, 8 bpc.
[     8.537] Information modeset(G0): [DRI2] Setup complete
[     8.537] Information modeset(G0): [DRI2]   DRI driver: iris
[     8.537] Information modeset(G0): [DRI2]   VDPAU driver: va_gl
[     8.537] Information modeset(G0): Disable reverse prime offload mode for i915.
[     8.537] Information Initializing extension Generic Event Extension
[     8.537] Information Initializing extension SHAPE
[     8.537] Information Initializing extension MIT-SHM
[     8.537] Information Initializing extension XInputExtension
[     8.538] Information Initializing extension XTEST
[     8.538] Information Initializing extension BIG-REQUESTS
[     8.538] Information Initializing extension SYNC
[     8.538] Information Initializing extension XKEYBOARD
[     8.538] Information Initializing extension XC-MISC
[     8.538] Information Initializing extension SECURITY
[     8.538] Information Initializing extension XFIXES
[     8.539] Information Initializing extension RENDER
[     8.539] Information Initializing extension RANDR
[     8.539] Information Initializing extension COMPOSITE
[     8.539] Information Initializing extension DAMAGE
[     8.539] Information Initializing extension MIT-SCREEN-SAVER
[     8.539] Information Initializing extension DOUBLE-BUFFER
[     8.539] Information Initializing extension RECORD
[     8.539] Information Initializing extension DPMS
[     8.539] Information Initializing extension Present
[     8.540] Information Initializing extension DRI3
[     8.540] Information Initializing extension X-Resource
[     8.540] Information Initializing extension XVideo
[     8.540] Information Initializing extension XVideo-MotionCompensation
[     8.540] Information Initializing extension SELinux
[     8.540] Information SELinux: Disabled on system
[     8.540] Information Initializing extension GLX
[     8.540] Information Initializing extension GLX
[     8.540] Information Indirect GLX disabled.
[     8.540] Information GLX: Another vendor is already registered for screen 0
[     8.540] Information Initializing extension XFree86-VidModeExtension
[     8.540] Information Initializing extension XFree86-DGA
[     8.540] Information Initializing extension XFree86-DRI
[     8.541] Information Initializing extension DRI2
[     8.541] Information Initializing extension NV-GLX
[     8.541] Information Initializing extension NV-CONTROL
[     8.809] Information modeset(G0): Damage tracking initialized
[     8.908] Information config/udev: Adding input device Power Button (/dev/input/event3)
[     8.908] Information LoadModule: "libinput"
[     8.908] Information Loading /usr/lib/xorg/modules/input/libinput_drv.so
[     8.911] Information Module libinput: vendor="X.Org Foundation"
[     8.911] Information Using input driver 'libinput' for 'Power Button'
[     8.912] Information systemd-logind: got fd for /dev/input/event3 13:67 fd 46 paused 0
[     8.916] Information event3  - Power Button: is tagged by udev as: Keyboard
[     8.916] Information event3  - Power Button: device is a keyboard
[     8.916] Information event3  - Power Button: device removed
[     8.917] Information XINPUT: Adding extended input device "Power Button" (type: KEYBOARD, id 6)
[     8.935] Information event3  - Power Button: is tagged by udev as: Keyboard
[     8.935] Information event3  - Power Button: device is a keyboard
[     8.935] Information config/udev: Adding input device Video Bus (/dev/input/event15)
[     8.935] Information Using input driver 'libinput' for 'Video Bus'
[     8.936] Information systemd-logind: got fd for /dev/input/event15 13:79 fd 49 paused 0
[     8.937] Information event15 - Video Bus: is tagged by udev as: Keyboard
[     8.937] Information event15 - Video Bus: device is a keyboard
[     8.937] Information event15 - Video Bus: device removed
[     8.937] Information XINPUT: Adding extended input device "Video Bus" (type: KEYBOARD, id 7)
[     8.938] Information event15 - Video Bus: is tagged by udev as: Keyboard
[     8.938] Information event15 - Video Bus: device is a keyboard
[     8.938] Information config/udev: Adding input device Video Bus (/dev/input/event16)
[     8.938] Information Using input driver 'libinput' for 'Video Bus'
[     8.939] Information systemd-logind: got fd for /dev/input/event16 13:80 fd 50 paused 0
[     8.940] Information event16 - Video Bus: is tagged by udev as: Keyboard
[     8.940] Information event16 - Video Bus: device is a keyboard
[     8.940] Information event16 - Video Bus: device removed
[     8.940] Information XINPUT: Adding extended input device "Video Bus" (type: KEYBOARD, id 8)
[     8.941] Information event16 - Video Bus: is tagged by udev as: Keyboard
[     8.942] Information event16 - Video Bus: device is a keyboard
[     8.942] Information config/udev: Adding input device Lid Switch (/dev/input/event0)
[     8.942] Information No input driver specified, ignoring this device.
[     8.942] Information This device may have been added with another device file.
[     8.943] Information config/udev: Adding input device Power Button (/dev/input/event2)
[     8.943] Information Using input driver 'libinput' for 'Power Button'
[     8.943] Information systemd-logind: got fd for /dev/input/event2 13:66 fd 51 paused 0
[     8.944] Information event2  - Power Button: is tagged by udev as: Keyboard
[     8.944] Information event2  - Power Button: device is a keyboard
[     8.944] Information event2  - Power Button: device removed
[     8.944] Information XINPUT: Adding extended input device "Power Button" (type: KEYBOARD, id 9)
[     8.945] Information event2  - Power Button: is tagged by udev as: Keyboard
[     8.945] Information event2  - Power Button: device is a keyboard
[     8.945] Information config/udev: Adding input device Sleep Button (/dev/input/event1)
[     8.946] Information Using input driver 'libinput' for 'Sleep Button'
[     8.946] Information systemd-logind: got fd for /dev/input/event1 13:65 fd 52 paused 0
[     8.947] Information event1  - Sleep Button: is tagged by udev as: Keyboard
[     8.947] Information event1  - Sleep Button: device is a keyboard
[     8.947] Information event1  - Sleep Button: device removed
[     8.947] Information XINPUT: Adding extended input device "Sleep Button" (type: KEYBOARD, id 10)
[     8.948] Information event1  - Sleep Button: is tagged by udev as: Keyboard
[     8.948] Information event1  - Sleep Button: device is a keyboard
[     8.949] Information config/udev: Adding input device COMPANY  USB DEVICE   (/dev/input/event8)
[     8.949] Information Using input driver 'libinput' for 'COMPANY  USB DEVICE  '
[     8.949] Information systemd-logind: got fd for /dev/input/event8 13:72 fd 53 paused 0
[     8.951] Information event8  - COMPANY  USB DEVICE  : is tagged by udev as: Keyboard
[     8.951] Information event8  - COMPANY  USB DEVICE  : device is a keyboard
[     8.951] Information event8  - COMPANY  USB DEVICE  : device removed
[     8.951] Information XINPUT: Adding extended input device "COMPANY  USB DEVICE  " (type: KEYBOARD, id 11)
[     8.952] Information event8  - COMPANY  USB DEVICE  : is tagged by udev as: Keyboard
[     8.952] Information event8  - COMPANY  USB DEVICE  : device is a keyboard
[     8.953] Information config/udev: Adding input device COMPANY  USB DEVICE   (/dev/input/event9)
[     8.953] Information Using input driver 'libinput' for 'COMPANY  USB DEVICE  '
[     9.013] Information systemd-logind: got fd for /dev/input/event9 13:73 fd 54 paused 0
[     9.018] Information event9  - COMPANY  USB DEVICE  : is tagged by udev as: Mouse
[     9.018] Information event9  - COMPANY  USB DEVICE  : device is a pointer
[     9.019] Information event9  - COMPANY  USB DEVICE  : device removed
[     9.019] Information XINPUT: Adding extended input device "COMPANY  USB DEVICE  " (type: MOUSE, id 12)
[     9.024] Information event9  - COMPANY  USB DEVICE  : is tagged by udev as: Mouse
[     9.024] Information event9  - COMPANY  USB DEVICE  : device is a pointer
[     9.027] Information config/udev: Adding input device COMPANY  USB DEVICE   (/dev/input/mouse3)
[     9.027] Information No input driver specified, ignoring this device.
[     9.027] Information This device may have been added with another device file.
[     9.029] Information config/udev: Adding input device COMPANY  USB DEVICE   Keyboard (/dev/input/event10)
[     9.030] Information Using input driver 'libinput' for 'COMPANY  USB DEVICE   Keyboard'
[     9.032] Information systemd-logind: got fd for /dev/input/event10 13:74 fd 55 paused 0
[     9.039] Information event10 - COMPANY  USB DEVICE   Keyboard: is tagged by udev as: Keyboard
[     9.040] Information event10 - COMPANY  USB DEVICE   Keyboard: device is a keyboard
[     9.041] Information event10 - COMPANY  USB DEVICE   Keyboard: device removed
[     9.041] Information libinput: COMPANY  USB DEVICE   Keyboard: needs a virtual subdevice
[     9.041] Information XINPUT: Adding extended input device "COMPANY  USB DEVICE   Keyboard" (type: MOUSE, id 13)
[     9.048] Information event10 - COMPANY  USB DEVICE   Keyboard: is tagged by udev as: Keyboard
[     9.048] Information event10 - COMPANY  USB DEVICE   Keyboard: device is a keyboard
[     9.051] Information config/udev: Adding input device COMPANY  USB DEVICE   Mouse (/dev/input/event11)
[     9.051] Information No input driver specified, ignoring this device.
[     9.051] Information This device may have been added with another device file.
[     9.053] Information config/udev: Adding input device COMPANY  USB DEVICE   (/dev/input/event12)
[     9.053] Information No input driver specified, ignoring this device.
[     9.053] Information This device may have been added with another device file.
[     9.054] Information config/udev: Adding input device CUST0001:00 04F3:30AA Mouse (/dev/input/event13)
[     9.054] Information Using input driver 'libinput' for 'CUST0001:00 04F3:30AA Mouse'
[     9.056] Information systemd-logind: got fd for /dev/input/event13 13:77 fd 56 paused 0
[     9.059] Information event13 - CUST0001:00 04F3:30AA Mouse: is tagged by udev as: Mouse Pointingstick
[     9.059] Information event13 - CUST0001:00 04F3:30AA Mouse: device is a pointer
[     9.061] Information event13 - CUST0001:00 04F3:30AA Mouse: device removed
[     9.061] Information XINPUT: Adding extended input device "CUST0001:00 04F3:30AA Mouse" (type: MOUSE, id 14)
[     9.064] Information event13 - CUST0001:00 04F3:30AA Mouse: is tagged by udev as: Mouse Pointingstick
[     9.064] Information event13 - CUST0001:00 04F3:30AA Mouse: device is a pointer
[     9.067] Information config/udev: Adding input device CUST0001:00 04F3:30AA Mouse (/dev/input/mouse0)
[     9.067] Information No input driver specified, ignoring this device.
[     9.067] Information This device may have been added with another device file.
[     9.068] Information config/udev: Adding input device CUST0001:00 04F3:30AA Touchpad (/dev/input/event14)
[     9.068] Information Using input driver 'libinput' for 'CUST0001:00 04F3:30AA Touchpad'
[     9.070] Information systemd-logind: got fd for /dev/input/event14 13:78 fd 57 paused 0
[     9.072] Information event14 - CUST0001:00 04F3:30AA Touchpad: is tagged by udev as: Touchpad
[     9.073] Information event14 - CUST0001:00 04F3:30AA Touchpad: device is a touchpad
[     9.073] Information event14 - CUST0001:00 04F3:30AA Touchpad: device removed
[     9.073] Information XINPUT: Adding extended input device "CUST0001:00 04F3:30AA Touchpad" (type: TOUCHPAD, id 15)
[     9.076] Information event14 - CUST0001:00 04F3:30AA Touchpad: is tagged by udev as: Touchpad
[     9.077] Information event14 - CUST0001:00 04F3:30AA Touchpad: device is a touchpad
[     9.078] Information config/udev: Adding input device CUST0001:00 04F3:30AA Touchpad (/dev/input/mouse1)
[     9.078] Information No input driver specified, ignoring this device.
[     9.078] Information This device may have been added with another device file.
[     9.078] Information config/udev: Adding input device HDA Intel PCH Mic (/dev/input/event17)
[     9.078] Information No input driver specified, ignoring this device.
[     9.078] Information This device may have been added with another device file.
[     9.079] Information config/udev: Adding input device HDA Intel PCH Headphone (/dev/input/event18)
[     9.079] Information No input driver specified, ignoring this device.
[     9.079] Information This device may have been added with another device file.
[     9.079] Information config/udev: Adding input device HDA Intel PCH HDMI/DP,pcm=3 (/dev/input/event19)
[     9.079] Information No input driver specified, ignoring this device.
[     9.079] Information This device may have been added with another device file.
[     9.080] Information config/udev: Adding input device HDA Intel PCH HDMI/DP,pcm=7 (/dev/input/event20)
[     9.080] Information No input driver specified, ignoring this device.
[     9.080] Information This device may have been added with another device file.
[     9.080] Information config/udev: Adding input device HDA Intel PCH HDMI/DP,pcm=8 (/dev/input/event21)
[     9.080] Information No input driver specified, ignoring this device.
[     9.080] Information This device may have been added with another device file.
[     9.080] Information config/udev: Adding input device HDA Intel PCH HDMI/DP,pcm=9 (/dev/input/event22)
[     9.080] Information No input driver specified, ignoring this device.
[     9.080] Information This device may have been added with another device file.
[     9.081] Information config/udev: Adding input device HDA Intel PCH HDMI/DP,pcm=10 (/dev/input/event23)
[     9.081] Information No input driver specified, ignoring this device.
[     9.081] Information This device may have been added with another device file.
[     9.081] Information config/udev: Adding input device gpio-keys (/dev/input/event6)
[     9.081] Information No input driver specified, ignoring this device.
[     9.081] Information This device may have been added with another device file.
[     9.081] Information config/udev: Adding input device AT Translated Set 2 keyboard (/dev/input/event4)
[     9.081] Information Using input driver 'libinput' for 'AT Translated Set 2 keyboard'
[     9.082] Information systemd-logind: got fd for /dev/input/event4 13:68 fd 58 paused 0
[     9.083] Information event4  - AT Translated Set 2 keyboard: is tagged by udev as: Keyboard
[     9.083] Information event4  - AT Translated Set 2 keyboard: device is a keyboard
[     9.084] Information event4  - AT Translated Set 2 keyboard: device removed
[     9.084] Information XINPUT: Adding extended input device "AT Translated Set 2 keyboard" (type: KEYBOARD, id 16)
[     9.085] Information event4  - AT Translated Set 2 keyboard: is tagged by udev as: Keyboard
[     9.085] Information event4  - AT Translated Set 2 keyboard: device is a keyboard
[     9.086] Information config/udev: Adding input device ETPS/2 Elantech Touchpad (/dev/input/event7)
[     9.086] Information Using input driver 'libinput' for 'ETPS/2 Elantech Touchpad'
[     9.087] Information systemd-logind: got fd for /dev/input/event7 13:71 fd 59 paused 0
[     9.088] Information event7  - ETPS/2 Elantech Touchpad: is tagged by udev as: Touchpad
[     9.088] Information event7  - ETPS/2 Elantech Touchpad: device is a touchpad
[     9.088] Information event7  - ETPS/2 Elantech Touchpad: device removed
[     9.089] Information XINPUT: Adding extended input device "ETPS/2 Elantech Touchpad" (type: TOUCHPAD, id 17)
[     9.090] Information event7  - ETPS/2 Elantech Touchpad: is tagged by udev as: Touchpad
[     9.090] Information event7  - ETPS/2 Elantech Touchpad: device is a touchpad
[     9.091] Information config/udev: Adding input device ETPS/2 Elantech Touchpad (/dev/input/mouse2)
[     9.091] Information No input driver specified, ignoring this device.
[     9.091] Information This device may have been added with another device file.
[     9.093] Information config/udev: Adding input device MSI WMI hotkeys (/dev/input/event5)
[     9.093] Information Using input driver 'libinput' for 'MSI WMI hotkeys'
[     9.093] Information systemd-logind: got fd for /dev/input/event5 13:69 fd 60 paused 0
[     9.094] Information event5  - MSI WMI hotkeys: is tagged by udev as: Keyboard
[     9.094] Information event5  - MSI WMI hotkeys: device is a keyboard
[     9.094] Information event5  - MSI WMI hotkeys: device removed
[     9.094] Information XINPUT: Adding extended input device "MSI WMI hotkeys" (type: KEYBOARD, id 18)
[     9.095] Information event5  - MSI WMI hotkeys: is tagged by udev as: Keyboard
[     9.095] Information event5  - MSI WMI hotkeys: device is a keyboard
[     9.099] Information Using input driver 'libinput' for 'COMPANY  USB DEVICE   Keyboard'
[     9.099] Information systemd-logind: returning pre-existing fd for /dev/input/event10 13:74
[     9.099] Information libinput: COMPANY  USB DEVICE   Keyboard: is a virtual subdevice
[     9.099] Information XINPUT: Adding extended input device "COMPANY  USB DEVICE   Keyboard" (type: KEYBOARD, id 19)
[    26.318] Information event3  - Power Button: device removed
[    26.318] Information event15 - Video Bus: device removed
[    26.318] Information event16 - Video Bus: device removed
[    26.318] Information event2  - Power Button: device removed
[    26.318] Information event1  - Sleep Button: device removed
[    26.318] Information event8  - COMPANY  USB DEVICE  : device removed
[    26.318] Information event9  - COMPANY  USB DEVICE  : device removed
[    26.319] Information event13 - CUST0001:00 04F3:30AA Mouse: device removed
[    26.319] Information event14 - CUST0001:00 04F3:30AA Touchpad: device removed
[    26.319] Information event4  - AT Translated Set 2 keyboard: device removed
[    26.319] Information event7  - ETPS/2 Elantech Touchpad: device removed
[    26.319] Information event5  - MSI WMI hotkeys: device removed
[    26.319] Information event10 - COMPANY  USB DEVICE   Keyboard: device removed
[    26.323] Information systemd-logind: got pause for 13:66
[    26.323] Information systemd-logind: got pause for 13:67
[    26.323] Information systemd-logind: got pause for 13:72
[    26.323] Information systemd-logind: got pause for 13:69
[    26.323] Information systemd-logind: got pause for 13:74
[    26.323] Information systemd-logind: got pause for 13:65
[    26.323] Information systemd-logind: got pause for 13:71
[    26.323] Information systemd-logind: got pause for 13:79
[    26.323] Information systemd-logind: got pause for 13:80
[    26.323] Information systemd-logind: got pause for 13:78
[    26.323] Information systemd-logind: got pause for 13:68
[    26.323] Information systemd-logind: got pause for 13:77
[    26.323] Information systemd-logind: got pause for 13:73
[    26.323] Information systemd-logind: got pause for 226:0
[  8664.234] Information UnloadModule: "libinput"
[  8664.235] Information systemd-logind: not releasing fd for 13:74, still in use
[  8664.235] Information UnloadModule: "libinput"
[  8664.235] Information systemd-logind: releasing fd for 13:69
[  8664.390] Information UnloadModule: "libinput"
[  8664.390] Information systemd-logind: releasing fd for 13:71
[  8664.496] Information UnloadModule: "libinput"
[  8664.496] Information systemd-logind: releasing fd for 13:68
[  8664.616] Information UnloadModule: "libinput"
[  8664.616] Information systemd-logind: releasing fd for 13:78
[  8664.676] Information UnloadModule: "libinput"
[  8664.676] Information systemd-logind: releasing fd for 13:77
[  8664.704] Information UnloadModule: "libinput"
[  8664.704] Information systemd-logind: releasing fd for 13:74
[  8664.733] Information UnloadModule: "libinput"
[  8664.733] Information systemd-logind: releasing fd for 13:73
[  8664.789] Information UnloadModule: "libinput"
[  8664.789] Information systemd-logind: releasing fd for 13:72
[  8664.825] Information UnloadModule: "libinput"
[  8664.825] Information systemd-logind: releasing fd for 13:65
[  8664.853] Information UnloadModule: "libinput"
[  8664.853] Information systemd-logind: releasing fd for 13:66
[  8664.877] Information UnloadModule: "libinput"
[  8664.877] Information systemd-logind: releasing fd for 13:80
[  8664.901] Information UnloadModule: "libinput"
[  8664.901] Information systemd-logind: releasing fd for 13:79
[  8664.918] Information UnloadModule: "libinput"
[  8664.918] Information systemd-logind: releasing fd for 13:67
[  8664.969] Information NVIDIA(GPU-0): Deleting GPU-0
[  8664.970] Information Server terminated successfully (0). Closing log file.
